<?xml version="1.0" encoding="UTF-8" ?>
<testsuite failures="0" time="0.107" errors="1" skipped="0" tests="1" name="de.stekoe.c4.wicket.quickstart.TestHomePage">
  <properties>
[...]
</properties>
  <testcase time="0.013" classname="de.stekoe.c4.wicket.quickstart.TestHomePage" name="homepageRendersSuccessfully">
    <error message="Unresolved compilation problems: 
	The import de.stekoe.c4.wicket.quickstart.HomePage cannot be resolved
	Bound mismatch: The generic method startPage(T) of type BaseWicketTester is not applicable for the arguments (Class&lt;HomePage&gt;). The inferred type Class&lt;HomePage&gt; is not a valid substitute for the bounded parameter &lt;T extends Page&gt;
	HomePage cannot be resolved to a type
	The method assertRenderedPage(Class&lt;? extends Page&gt;) in the type WicketTester is not applicable for the arguments (Class&lt;HomePage&gt;)
	HomePage cannot be resolved to a type
" type="java.lang.Error">java.lang.Error: Unresolved compilation problems: 
	The import de.stekoe.c4.wicket.quickstart.HomePage cannot be resolved
	Bound mismatch: The generic method startPage(T) of type BaseWicketTester is not applicable for the arguments (Class&lt;HomePage&gt;). The inferred type Class&lt;HomePage&gt; is not a valid substitute for the bounded parameter &lt;T extends Page&gt;
	HomePage cannot be resolved to a type
	The method assertRenderedPage(Class&lt;? extends Page&gt;) in the type WicketTester is not applicable for the arguments (Class&lt;HomePage&gt;)
	HomePage cannot be resolved to a type

	at de.stekoe.c4.wicket.quickstart.TestHomePage.&lt;init&gt;(TestHomePage.java:4)
	at sun.reflect.NativeConstructorAccessorImpl.newInstance0(Native Method)
	at sun.reflect.NativeConstructorAccessorImpl.newInstance(NativeConstructorAccessorImpl.java:57)
	at sun.reflect.DelegatingConstructorAccessorImpl.newInstance(DelegatingConstructorAccessorImpl.java:45)
	at java.lang.reflect.Constructor.newInstance(Constructor.java:525)
	at org.junit.runners.BlockJUnit4ClassRunner.createTest(BlockJUnit4ClassRunner.java:187)
	at org.junit.runners.BlockJUnit4ClassRunner$1.runReflectiveCall(BlockJUnit4ClassRunner.java:236)
	at org.junit.internal.runners.model.ReflectiveCallable.run(ReflectiveCallable.java:15)
	at org.junit.runners.BlockJUnit4ClassRunner.methodBlock(BlockJUnit4ClassRunner.java:233)
	at org.junit.runners.BlockJUnit4ClassRunner.runChild(BlockJUnit4ClassRunner.java:68)
	at org.junit.runners.BlockJUnit4ClassRunner.runChild(BlockJUnit4ClassRunner.java:47)
	at org.junit.runners.ParentRunner$3.run(ParentRunner.java:231)
	at org.junit.runners.ParentRunner$1.schedule(ParentRunner.java:60)
	at org.junit.runners.ParentRunner.runChildren(ParentRunner.java:229)
	at org.junit.runners.ParentRunner.access$000(ParentRunner.java:50)
	at org.junit.runners.ParentRunner$2.evaluate(ParentRunner.java:222)
	at org.junit.runners.ParentRunner.run(ParentRunner.java:300)
	at org.apache.maven.surefire.junit4.JUnit4TestSet.execute(JUnit4TestSet.java:53)
	at org.apache.maven.surefire.junit4.JUnit4Provider.executeTestSet(JUnit4Provider.java:123)
	at org.apache.maven.surefire.junit4.JUnit4Provider.invoke(JUnit4Provider.java:104)
	at sun.reflect.NativeMethodAccessorImpl.invoke0(Native Method)
	at sun.reflect.NativeMethodAccessorImpl.invoke(NativeMethodAccessorImpl.java:57)
	at sun.reflect.DelegatingMethodAccessorImpl.invoke(DelegatingMethodAccessorImpl.java:43)
	at java.lang.reflect.Method.invoke(Method.java:601)
	at org.apache.maven.surefire.util.ReflectionUtils.invokeMethodWithArray(ReflectionUtils.java:164)
	at org.apache.maven.surefire.booter.ProviderFactory$ProviderProxy.invoke(ProviderFactory.java:110)
	at org.apache.maven.surefire.booter.SurefireStarter.invokeProvider(SurefireStarter.java:175)
	at org.apache.maven.surefire.booter.SurefireStarter.runSuitesInProcessWhenForked(SurefireStarter.java:107)
	at org.apache.maven.surefire.booter.ForkedBooter.main(ForkedBooter.java:68)
</error>
  </testcase>
</testsuite>